<?xml version="1.0" encoding="UTF-8"?>
<!-- Generated by org.testng.reporters.JUnitReportReporter -->
<testsuite name="com.cooluat.tests.COOLUATTest" tests="1" time="4.623" ignored="0" failures="0" timestamp="14 Sep 2017 07:17:13 GMT" skipped="0" hostname="IBM177-PC0ANX0A" errors="0">
  <testcase name="coolUATTest" time="4.623" classname="com.cooluat.tests.COOLUATTest"/>
</testsuite> <!-- com.cooluat.tests.COOLUATTest -->
