<?xml version="1.0" encoding="UTF-8"?>
<!-- Generated by org.testng.reporters.JUnitReportReporter -->
<testsuite name="com.cooluat.tests.COOLUATTest" tests="1" time="6.468" ignored="0" failures="0" timestamp="11 Sep 2017 12:16:08 GMT" skipped="0" hostname="IBM655-PC07ZFRS" errors="0">
  <testcase name="coolUATTest" time="6.468" classname="com.cooluat.tests.COOLUATTest"/>
</testsuite> <!-- com.cooluat.tests.COOLUATTest -->
